Using pre-set license
Built from '2020.3/staging' branch; Version is '2020.3.3f1 (76626098c1c4) revision 7758432'; Using compiler version '192528614'; Build Type 'Release'
OS: 'Windows 10 Pro; OS build 19041.985; Version 2004; 64bit' Language: 'en' Physical Memory: 40886 MB
BatchMode: 1, IsHumanControllingUs: 0, StartBugReporterOnCrash: 0, Is64bit: 1, IsPro: 0

 COMMAND LINE ARGUMENTS:
C:\Program Files\Unity\Hub\Editor\2020.3.3f1\Editor\Unity.exe
-adb2
-batchMode
-noUpm
-name
AssetImportWorker0
-projectPath
C:/Users/Saif/Documents/GitHub/170-Split-2/170 Prototype
-logFile
Logs/AssetImportWorker0.log
-srvPort
53590
Successfully changed project path to: C:/Users/Saif/Documents/GitHub/170-Split-2/170 Prototype
C:/Users/Saif/Documents/GitHub/170-Split-2/170 Prototype
Using Asset Import Pipeline V2.
Refreshing native plugins compatible for Editor in 37.91 ms, found 1 plugins.
Preloading 0 native plugins for Editor in 0.00 ms.
Initialize engine version: 2020.3.3f1 (76626098c1c4)
[Subsystems] Discovering subsystems at path C:/Program Files/Unity/Hub/Editor/2020.3.3f1/Editor/Data/Resources/UnitySubsystems
[Subsystems] Discovering subsystems at path C:/Users/Saif/Documents/GitHub/170-Split-2/170 Prototype/Assets
GfxDevice: creating device client; threaded=0
Direct3D:
    Version:  Direct3D 11.0 [level 11.1]
    Renderer: NVIDIA GeForce RTX 3070 (ID=0x2484)
    Vendor:   
    VRAM:     8043 MB
    Driver:   27.21.14.6589
Initialize mono
Mono path[0] = 'C:/Program Files/Unity/Hub/Editor/2020.3.3f1/Editor/Data/Managed'
Mono path[1] = 'C:/Program Files/Unity/Hub/Editor/2020.3.3f1/Editor/Data/MonoBleedingEdge/lib/mono/unityjit'
Mono config path = 'C:/Program Files/Unity/Hub/Editor/2020.3.3f1/Editor/Data/MonoBleedingEdge/etc'
Using monoOptions --debugger-agent=transport=dt_socket,embedding=1,server=y,suspend=n,address=127.0.0.1:56476
Begin MonoManager ReloadAssembly
Registering precompiled unity dll's ...
Register platform support module: C:/Program Files/Unity/Hub/Editor/2020.3.3f1/Editor/Data/PlaybackEngines/WebGLSupport/UnityEditor.WebGL.Extensions.dll
Register platform support module: C:/Program Files/Unity/Hub/Editor/2020.3.3f1/Editor/Data/PlaybackEngines/MacStandaloneSupport/UnityEditor.OSXStandalone.Extensions.dll
Register platform support module: C:/Program Files/Unity/Hub/Editor/2020.3.3f1/Editor/Data/PlaybackEngines/WindowsStandaloneSupport/UnityEditor.WindowsStandalone.Extensions.dll
Registered in 0.002287 seconds.
Native extension for WindowsStandalone target not found
Native extension for OSXStandalone target not found
Native extension for WebGL target not found
Refreshing native plugins compatible for Editor in 37.88 ms, found 1 plugins.
Preloading 0 native plugins for Editor in 0.00 ms.
Invoked RoslynAnalysisRunner static constructor.
RoslynAnalysisRunner will not be running.
RoslynAnalysisRunner has terminated.
Mono: successfully reloaded assembly
- Completed reload, in  0.983 seconds
Platform modules already initialized, skipping
Registering precompiled user dll's ...
Registered in 0.000708 seconds.
Begin MonoManager ReloadAssembly
Native extension for WindowsStandalone target not found
Native extension for OSXStandalone target not found
Native extension for WebGL target not found
Refreshing native plugins compatible for Editor in 38.65 ms, found 1 plugins.
Preloading 0 native plugins for Editor in 0.00 ms.
Invoked RoslynAnalysisRunner static constructor.
RoslynAnalysisRunner will not be running.
RoslynAnalysisRunner has terminated.
Mono: successfully reloaded assembly
- Completed reload, in  0.771 seconds
Platform modules already initialized, skipping
========================================================================
Worker process is ready to serve import requests
Launched and connected shader compiler UnityShaderCompiler.exe after 0.03 seconds
Refreshing native plugins compatible for Editor in 0.50 ms, found 1 plugins.
Preloading 0 native plugins for Editor in 0.00 ms.
Unloading 1936 Unused Serialized files (Serialized files now loaded: 0)
System memory in use before: 90.5 MB.
System memory in use after: 90.6 MB.

Unloading 19 unused Assets to reduce memory usage. Loaded Objects now: 2384.
Total: 2.381600 ms (FindLiveObjects: 0.241200 ms CreateObjectMapping: 0.048500 ms MarkObjects: 2.018900 ms  DeleteObjects: 0.072200 ms)

========================================================================
Received Import Request.
  path: Assets/showcaseButton.png
  artifactKey: Guid(7ee0fa9abb76da543bca5c530aa4a240) Importer(815301076,1909f56bfc062723c751e8b465ee728b)
Start importing Assets/showcaseButton.png using Guid(7ee0fa9abb76da543bca5c530aa4a240) Importer(815301076,1909f56bfc062723c751e8b465ee728b)  -> (artifact id: '5cb294543358797e2b2884e799a1a69b') in 0.128330 seconds
  Import took 0.131557 seconds .

========================================================================
Received Import Request.
  Time since last request: 38.958781 seconds.
  path: Assets/Scenes/Epilogue.unity
  artifactKey: Guid(f80ce45d232078845940bb21b6b8ded1) Importer(815301076,1909f56bfc062723c751e8b465ee728b)
Start importing Assets/Scenes/Epilogue.unity using Guid(f80ce45d232078845940bb21b6b8ded1) Importer(815301076,1909f56bfc062723c751e8b465ee728b)  -> (artifact id: '783ee10c7cb03aa8053d940f23daead1') in 0.006413 seconds
  Import took 0.009606 seconds .

========================================================================
Received Import Request.
  Time since last request: 0.002896 seconds.
  path: Assets/Scenes/Epilogue.unity
  artifactKey: Guid(f80ce45d232078845940bb21b6b8ded1) Importer(815301076,1909f56bfc062723c751e8b465ee728b)
Start importing Assets/Scenes/Epilogue.unity using Guid(f80ce45d232078845940bb21b6b8ded1) Importer(815301076,1909f56bfc062723c751e8b465ee728b)  -> (artifact id: '783ee10c7cb03aa8053d940f23daead1') in 0.002042 seconds
  Import took 0.004508 seconds .

========================================================================
Received Prepare
Registering precompiled user dll's ...
Registered in 0.000994 seconds.
Begin MonoManager ReloadAssembly
Native extension for WindowsStandalone target not found
Native extension for OSXStandalone target not found
Native extension for WebGL target not found
Refreshing native plugins compatible for Editor in 0.51 ms, found 1 plugins.
Preloading 0 native plugins for Editor in 0.00 ms.
Invoked RoslynAnalysisRunner static constructor.
RoslynAnalysisRunner will not be running.
RoslynAnalysisRunner has terminated.
Mono: successfully reloaded assembly
- Completed reload, in  0.712 seconds
Platform modules already initialized, skipping
Refreshing native plugins compatible for Editor in 0.65 ms, found 1 plugins.
Preloading 0 native plugins for Editor in 0.00 ms.
Unloading 1912 Unused Serialized files (Serialized files now loaded: 0)
System memory in use before: 91.7 MB.
System memory in use after: 91.9 MB.

Unloading 8 unused Assets to reduce memory usage. Loaded Objects now: 2393.
Total: 1.815200 ms (FindLiveObjects: 0.217800 ms CreateObjectMapping: 0.053500 ms MarkObjects: 1.526500 ms  DeleteObjects: 0.016700 ms)

========================================================================
Received Prepare
Registering precompiled user dll's ...
Registered in 0.001095 seconds.
Begin MonoManager ReloadAssembly
Native extension for WindowsStandalone target not found
Native extension for OSXStandalone target not found
Native extension for WebGL target not found
Refreshing native plugins compatible for Editor in 0.62 ms, found 1 plugins.
Preloading 0 native plugins for Editor in 0.00 ms.
Invoked RoslynAnalysisRunner static constructor.
RoslynAnalysisRunner will not be running.
RoslynAnalysisRunner has terminated.
Mono: successfully reloaded assembly
- Completed reload, in  0.720 seconds
Platform modules already initialized, skipping
Refreshing native plugins compatible for Editor in 0.57 ms, found 1 plugins.
Preloading 0 native plugins for Editor in 0.00 ms.
Unloading 1912 Unused Serialized files (Serialized files now loaded: 0)
System memory in use before: 91.8 MB.
System memory in use after: 91.9 MB.

Unloading 8 unused Assets to reduce memory usage. Loaded Objects now: 2396.
Total: 1.862700 ms (FindLiveObjects: 0.217500 ms CreateObjectMapping: 0.043800 ms MarkObjects: 1.586000 ms  DeleteObjects: 0.014600 ms)

========================================================================
Received Prepare
Registering precompiled user dll's ...
Registered in 0.000955 seconds.
Begin MonoManager ReloadAssembly
Native extension for WindowsStandalone target not found
Native extension for OSXStandalone target not found
Native extension for WebGL target not found
Refreshing native plugins compatible for Editor in 0.51 ms, found 1 plugins.
Preloading 0 native plugins for Editor in 0.00 ms.
Invoked RoslynAnalysisRunner static constructor.
RoslynAnalysisRunner will not be running.
RoslynAnalysisRunner has terminated.
Mono: successfully reloaded assembly
- Completed reload, in  0.715 seconds
Platform modules already initialized, skipping
Refreshing native plugins compatible for Editor in 0.51 ms, found 1 plugins.
Preloading 0 native plugins for Editor in 0.00 ms.
Unloading 1912 Unused Serialized files (Serialized files now loaded: 0)
System memory in use before: 91.8 MB.
System memory in use after: 91.9 MB.

Unloading 8 unused Assets to reduce memory usage. Loaded Objects now: 2399.
Total: 2.038900 ms (FindLiveObjects: 0.244400 ms CreateObjectMapping: 0.056300 ms MarkObjects: 1.718800 ms  DeleteObjects: 0.017900 ms)

========================================================================
Received Prepare
Registering precompiled user dll's ...
Registered in 0.000884 seconds.
Begin MonoManager ReloadAssembly
Native extension for WindowsStandalone target not found
Native extension for OSXStandalone target not found
Native extension for WebGL target not found
Refreshing native plugins compatible for Editor in 0.58 ms, found 1 plugins.
Preloading 0 native plugins for Editor in 0.00 ms.
Invoked RoslynAnalysisRunner static constructor.
RoslynAnalysisRunner will not be running.
RoslynAnalysisRunner has terminated.
Mono: successfully reloaded assembly
- Completed reload, in  0.740 seconds
Platform modules already initialized, skipping
Refreshing native plugins compatible for Editor in 0.54 ms, found 1 plugins.
Preloading 0 native plugins for Editor in 0.00 ms.
Unloading 1912 Unused Serialized files (Serialized files now loaded: 0)
System memory in use before: 91.8 MB.
System memory in use after: 91.9 MB.

Unloading 8 unused Assets to reduce memory usage. Loaded Objects now: 2402.
Total: 2.133400 ms (FindLiveObjects: 0.220700 ms CreateObjectMapping: 0.045700 ms MarkObjects: 1.848400 ms  DeleteObjects: 0.017800 ms)

========================================================================
Received Import Request.
  Time since last request: 528.363041 seconds.
  path: Assets/Animation/UI
  artifactKey: Guid(0f8de9230a3f5c944adefc0491326ee8) Importer(815301076,1909f56bfc062723c751e8b465ee728b)
Start importing Assets/Animation/UI using Guid(0f8de9230a3f5c944adefc0491326ee8) Importer(815301076,1909f56bfc062723c751e8b465ee728b)  -> (artifact id: '29bfe45f0e9519f0088c81948e1a3ab4') in 0.010912 seconds
  Import took 0.014604 seconds .

========================================================================
Received Import Request.
  Time since last request: 0.376648 seconds.
  path: Assets/Animation/Misc
  artifactKey: Guid(0975214bf6564284589101be215a72ed) Importer(815301076,1909f56bfc062723c751e8b465ee728b)
Start importing Assets/Animation/Misc using Guid(0975214bf6564284589101be215a72ed) Importer(815301076,1909f56bfc062723c751e8b465ee728b)  -> (artifact id: '0302f436fc238af07b265f002cecf8af') in 0.005836 seconds
  Import took 0.009205 seconds .

========================================================================
Received Import Request.
  Time since last request: 3.408417 seconds.
  path: Assets/Animation/DialougeAnim
  artifactKey: Guid(85858c8778f8cbc4190bc63791816de3) Importer(815301076,1909f56bfc062723c751e8b465ee728b)
Start importing Assets/Animation/DialougeAnim using Guid(85858c8778f8cbc4190bc63791816de3) Importer(815301076,1909f56bfc062723c751e8b465ee728b)  -> (artifact id: '0670d98653fc5a871b6a8a0b83447d29') in 0.006184 seconds
  Import took 0.009200 seconds .

========================================================================
Received Import Request.
  Time since last request: 16.580000 seconds.
  path: Assets/Scripts/Ending scene Animation.anim
  artifactKey: Guid(84cbae2333a68734b92c8e5e5f0e60cd) Importer(815301076,1909f56bfc062723c751e8b465ee728b)
Start importing Assets/Scripts/Ending scene Animation.anim using Guid(84cbae2333a68734b92c8e5e5f0e60cd) Importer(815301076,1909f56bfc062723c751e8b465ee728b)  -> (artifact id: 'b120c8535343e86bbe897172fbd53d32') in 0.019327 seconds
  Import took 0.022433 seconds .

========================================================================
Received Import Request.
  Time since last request: 6.253775 seconds.
  path: Assets/Scripts/Ending scene Animation.anim
  artifactKey: Guid(84cbae2333a68734b92c8e5e5f0e60cd) Importer(815301076,1909f56bfc062723c751e8b465ee728b)
Start importing Assets/Scripts/Ending scene Animation.anim using Guid(84cbae2333a68734b92c8e5e5f0e60cd) Importer(815301076,1909f56bfc062723c751e8b465ee728b)  -> (artifact id: '904f7988ed32b52b9f41e4280269648a') in 0.002570 seconds
  Import took 0.005590 seconds .

========================================================================
Received Prepare
Registering precompiled user dll's ...
Registered in 0.000852 seconds.
Begin MonoManager ReloadAssembly
Native extension for WindowsStandalone target not found
Native extension for OSXStandalone target not found
Native extension for WebGL target not found
Refreshing native plugins compatible for Editor in 0.50 ms, found 1 plugins.
Preloading 0 native plugins for Editor in 0.00 ms.
Invoked RoslynAnalysisRunner static constructor.
RoslynAnalysisRunner will not be running.
RoslynAnalysisRunner has terminated.
Mono: successfully reloaded assembly
- Completed reload, in  0.694 seconds
Platform modules already initialized, skipping
Refreshing native plugins compatible for Editor in 0.55 ms, found 1 plugins.
Preloading 0 native plugins for Editor in 0.00 ms.
Unloading 1912 Unused Serialized files (Serialized files now loaded: 0)
System memory in use before: 91.8 MB.
System memory in use after: 91.9 MB.

Unloading 8 unused Assets to reduce memory usage. Loaded Objects now: 2405.
Total: 1.894200 ms (FindLiveObjects: 0.217100 ms CreateObjectMapping: 0.046000 ms MarkObjects: 1.613100 ms  DeleteObjects: 0.017200 ms)

========================================================================
Received Prepare
Registering precompiled user dll's ...
Registered in 0.000885 seconds.
Begin MonoManager ReloadAssembly
Native extension for WindowsStandalone target not found
Native extension for OSXStandalone target not found
Native extension for WebGL target not found
Refreshing native plugins compatible for Editor in 0.51 ms, found 1 plugins.
Preloading 0 native plugins for Editor in 0.00 ms.
Invoked RoslynAnalysisRunner static constructor.
RoslynAnalysisRunner will not be running.
RoslynAnalysisRunner has terminated.
Mono: successfully reloaded assembly
- Completed reload, in  0.707 seconds
Platform modules already initialized, skipping
Refreshing native plugins compatible for Editor in 0.54 ms, found 1 plugins.
Preloading 0 native plugins for Editor in 0.00 ms.
Unloading 1912 Unused Serialized files (Serialized files now loaded: 0)
System memory in use before: 91.8 MB.
System memory in use after: 92.0 MB.

Unloading 8 unused Assets to reduce memory usage. Loaded Objects now: 2408.
Total: 1.828500 ms (FindLiveObjects: 0.258700 ms CreateObjectMapping: 0.061000 ms MarkObjects: 1.493300 ms  DeleteObjects: 0.014600 ms)

========================================================================
Received Prepare
Registering precompiled user dll's ...
Registered in 0.001128 seconds.
Begin MonoManager ReloadAssembly
Native extension for WindowsStandalone target not found
Native extension for OSXStandalone target not found
Native extension for WebGL target not found
Refreshing native plugins compatible for Editor in 0.57 ms, found 1 plugins.
Preloading 0 native plugins for Editor in 0.00 ms.
Invoked RoslynAnalysisRunner static constructor.
RoslynAnalysisRunner will not be running.
RoslynAnalysisRunner has terminated.
Mono: successfully reloaded assembly
- Completed reload, in  0.747 seconds
Platform modules already initialized, skipping
Refreshing native plugins compatible for Editor in 0.51 ms, found 1 plugins.
Preloading 0 native plugins for Editor in 0.00 ms.
Unloading 1912 Unused Serialized files (Serialized files now loaded: 0)
System memory in use before: 91.9 MB.
System memory in use after: 92.0 MB.

Unloading 8 unused Assets to reduce memory usage. Loaded Objects now: 2411.
Total: 1.847100 ms (FindLiveObjects: 0.230000 ms CreateObjectMapping: 0.042800 ms MarkObjects: 1.558900 ms  DeleteObjects: 0.014600 ms)

========================================================================
Received Import Request.
  Time since last request: 373.721335 seconds.
  path: Assets/Sprites/breath(1)00_0000_图层-28.png
  artifactKey: Guid(5f99434d2a7a26d479ab5f5b0c748638) Importer(815301076,1909f56bfc062723c751e8b465ee728b)
Start importing Assets/Sprites/breath(1)00_0000_图层-28.png using Guid(5f99434d2a7a26d479ab5f5b0c748638) Importer(815301076,1909f56bfc062723c751e8b465ee728b)  -> (artifact id: 'e1cdf015b2aade096b02f8ffaeafc09e') in 0.058621 seconds
  Import took 0.062260 seconds .

========================================================================
Received Import Request.
  Time since last request: 0.000205 seconds.
  path: Assets/Sprites/SquareOutline.png
  artifactKey: Guid(bfc12b2e8571198488b9243b02d0bffe) Importer(815301076,1909f56bfc062723c751e8b465ee728b)
Start importing Assets/Sprites/SquareOutline.png using Guid(bfc12b2e8571198488b9243b02d0bffe) Importer(815301076,1909f56bfc062723c751e8b465ee728b)  -> (artifact id: 'd0b4e52ef23a6215004b35afefa2af21') in 0.015662 seconds
  Import took 0.018877 seconds .

========================================================================
Received Import Request.
  Time since last request: 0.000209 seconds.
  path: Assets/Sprites/ConversationHappy.png
  artifactKey: Guid(feb991a35426c0d4599b64aa2a373b25) Importer(815301076,1909f56bfc062723c751e8b465ee728b)
Start importing Assets/Sprites/ConversationHappy.png using Guid(feb991a35426c0d4599b64aa2a373b25) Importer(815301076,1909f56bfc062723c751e8b465ee728b)  -> (artifact id: 'cb20ca6f8cf584b71c1f2cf48428e1fb') in 0.025038 seconds
  Import took 0.028316 seconds .

========================================================================
Received Import Request.
  Time since last request: 0.000189 seconds.
  path: Assets/Sprites/Player.prefab
  artifactKey: Guid(37f1b5ddbbe8f412380fd7fb29b42b16) Importer(815301076,1909f56bfc062723c751e8b465ee728b)
Start importing Assets/Sprites/Player.prefab using Guid(37f1b5ddbbe8f412380fd7fb29b42b16) Importer(815301076,1909f56bfc062723c751e8b465ee728b)  -> (artifact id: '33478af8ad70d90e8b2053b2b2a7d073') in 0.041136 seconds
  Import took 0.045305 seconds .

========================================================================
Received Import Request.
  Time since last request: 0.000190 seconds.
  path: Assets/Sprites/ConversationRegular.png
  artifactKey: Guid(3e876eec06f88fc4da98503f988503fd) Importer(815301076,1909f56bfc062723c751e8b465ee728b)
Start importing Assets/Sprites/ConversationRegular.png using Guid(3e876eec06f88fc4da98503f988503fd) Importer(815301076,1909f56bfc062723c751e8b465ee728b)  -> (artifact id: 'cbd937046c3bdb7e683e9db7f0e41465') in 0.025124 seconds
  Import took 0.028059 seconds .

========================================================================
Received Import Request.
  Time since last request: 0.000198 seconds.
  path: Assets/Sprites/EndingTracingMemory.png
  artifactKey: Guid(74ceed42e0c028042876c832ac455149) Importer(815301076,1909f56bfc062723c751e8b465ee728b)
Start importing Assets/Sprites/EndingTracingMemory.png using Guid(74ceed42e0c028042876c832ac455149) Importer(815301076,1909f56bfc062723c751e8b465ee728b)  -> (artifact id: 'de807cf33379baf9ca623c750db4fb11') in 0.025724 seconds
  Import took 0.028779 seconds .

========================================================================
Received Import Request.
  Time since last request: 0.000206 seconds.
  path: Assets/Sprites/Square.png
  artifactKey: Guid(b3f68d8483623444fb82eb70a0361cb9) Importer(815301076,1909f56bfc062723c751e8b465ee728b)
Start importing Assets/Sprites/Square.png using Guid(b3f68d8483623444fb82eb70a0361cb9) Importer(815301076,1909f56bfc062723c751e8b465ee728b)  -> (artifact id: '78ec4fec15e47562ec78a36446dff77f') in 0.023997 seconds
  Import took 0.027082 seconds .

========================================================================
Received Import Request.
  Time since last request: 0.000185 seconds.
  path: Assets/Sprites/trapsice2.png
  artifactKey: Guid(fa73ebb79d05a3542b42700355d49b58) Importer(815301076,1909f56bfc062723c751e8b465ee728b)
Start importing Assets/Sprites/trapsice2.png using Guid(fa73ebb79d05a3542b42700355d49b58) Importer(815301076,1909f56bfc062723c751e8b465ee728b)  -> (artifact id: '7d38fcfed7254906a762e2807cc581ab') in 0.030474 seconds
  Import took 0.033108 seconds .

========================================================================
Received Import Request.
  Time since last request: 0.000249 seconds.
  path: Assets/Sprites/Square.png
  artifactKey: Guid(b3f68d8483623444fb82eb70a0361cb9) Importer(815301076,1909f56bfc062723c751e8b465ee728b)
Start importing Assets/Sprites/Square.png using Guid(b3f68d8483623444fb82eb70a0361cb9) Importer(815301076,1909f56bfc062723c751e8b465ee728b)  -> (artifact id: '78ec4fec15e47562ec78a36446dff77f') in 0.020688 seconds
  Import took 0.024118 seconds .

========================================================================
Received Import Request.
  Time since last request: 0.000318 seconds.
  path: Assets/Sprites/Winter.jpg
  artifactKey: Guid(8ad1d0f9a35de3a40ab5818fc113660f) Importer(815301076,1909f56bfc062723c751e8b465ee728b)
Start importing Assets/Sprites/Winter.jpg using Guid(8ad1d0f9a35de3a40ab5818fc113660f) Importer(815301076,1909f56bfc062723c751e8b465ee728b)  -> (artifact id: '2e37baf0fae14f8e00505359606f05ca') in 0.033488 seconds
  Import took 0.036210 seconds .

========================================================================
Received Import Request.
  Time since last request: 0.000208 seconds.
  path: Assets/Sprites/WindLeaves.png
  artifactKey: Guid(bb729fc94ef19604393cae38e6a96a14) Importer(815301076,1909f56bfc062723c751e8b465ee728b)
Start importing Assets/Sprites/WindLeaves.png using Guid(bb729fc94ef19604393cae38e6a96a14) Importer(815301076,1909f56bfc062723c751e8b465ee728b)  -> (artifact id: '69bb34c8c04f3611b6a50dce034833b9') in 0.020041 seconds
  Import took 0.022770 seconds .

========================================================================
Received Prepare
Registering precompiled user dll's ...
Registered in 0.000848 seconds.
Begin MonoManager ReloadAssembly
Native extension for WindowsStandalone target not found
Native extension for OSXStandalone target not found
Native extension for WebGL target not found
Refreshing native plugins compatible for Editor in 0.62 ms, found 1 plugins.
Preloading 0 native plugins for Editor in 0.00 ms.
Invoked RoslynAnalysisRunner static constructor.
RoslynAnalysisRunner will not be running.
RoslynAnalysisRunner has terminated.
Mono: successfully reloaded assembly
- Completed reload, in  0.702 seconds
Platform modules already initialized, skipping
Refreshing native plugins compatible for Editor in 0.56 ms, found 1 plugins.
Preloading 0 native plugins for Editor in 0.00 ms.
Unloading 1912 Unused Serialized files (Serialized files now loaded: 0)
System memory in use before: 91.9 MB.
System memory in use after: 92.1 MB.

Unloading 8 unused Assets to reduce memory usage. Loaded Objects now: 2434.
Total: 2.483900 ms (FindLiveObjects: 0.271300 ms CreateObjectMapping: 0.047100 ms MarkObjects: 2.147300 ms  DeleteObjects: 0.016900 ms)

========================================================================
Received Prepare
Registering precompiled user dll's ...
Registered in 0.000977 seconds.
Begin MonoManager ReloadAssembly
Native extension for WindowsStandalone target not found
Native extension for OSXStandalone target not found
Native extension for WebGL target not found
Refreshing native plugins compatible for Editor in 0.51 ms, found 1 plugins.
Preloading 0 native plugins for Editor in 0.00 ms.
Invoked RoslynAnalysisRunner static constructor.
RoslynAnalysisRunner will not be running.
RoslynAnalysisRunner has terminated.
Mono: successfully reloaded assembly
- Completed reload, in  0.718 seconds
Platform modules already initialized, skipping
Refreshing native plugins compatible for Editor in 0.52 ms, found 1 plugins.
Preloading 0 native plugins for Editor in 0.00 ms.
Unloading 1912 Unused Serialized files (Serialized files now loaded: 0)
System memory in use before: 91.9 MB.
System memory in use after: 92.1 MB.

Unloading 8 unused Assets to reduce memory usage. Loaded Objects now: 2437.
Total: 1.986600 ms (FindLiveObjects: 0.246500 ms CreateObjectMapping: 0.045600 ms MarkObjects: 1.675600 ms  DeleteObjects: 0.018100 ms)

========================================================================
Received Prepare
Registering precompiled user dll's ...
Registered in 0.000918 seconds.
Begin MonoManager ReloadAssembly
Native extension for WindowsStandalone target not found
Native extension for OSXStandalone target not found
Native extension for WebGL target not found
Refreshing native plugins compatible for Editor in 0.51 ms, found 1 plugins.
Preloading 0 native plugins for Editor in 0.00 ms.
Invoked RoslynAnalysisRunner static constructor.
RoslynAnalysisRunner will not be running.
RoslynAnalysisRunner has terminated.
Mono: successfully reloaded assembly
- Completed reload, in  0.696 seconds
Platform modules already initialized, skipping
Refreshing native plugins compatible for Editor in 0.52 ms, found 1 plugins.
Preloading 0 native plugins for Editor in 0.00 ms.
Unloading 1912 Unused Serialized files (Serialized files now loaded: 0)
System memory in use before: 92.0 MB.
System memory in use after: 92.1 MB.

Unloading 8 unused Assets to reduce memory usage. Loaded Objects now: 2440.
Total: 2.368800 ms (FindLiveObjects: 0.218800 ms CreateObjectMapping: 0.048100 ms MarkObjects: 2.086400 ms  DeleteObjects: 0.014400 ms)

========================================================================
Received Import Request.
  Time since last request: 499.938506 seconds.
  path: Assets/Sprites/Scenes
  artifactKey: Guid(2a39707ec2e1e7943b7781d87c53ba0a) Importer(815301076,1909f56bfc062723c751e8b465ee728b)
Start importing Assets/Sprites/Scenes using Guid(2a39707ec2e1e7943b7781d87c53ba0a) Importer(815301076,1909f56bfc062723c751e8b465ee728b)  -> (artifact id: '6971c18094e2a44bb0935fbaf5a7d0c8') in 0.009268 seconds
  Import took 0.012477 seconds .

========================================================================
Received Import Request.
  Time since last request: 15.641894 seconds.
  path: Assets/Sprites/MostRecentAsset
  artifactKey: Guid(491628d144b2d7e409c960bef57a31ad) Importer(815301076,1909f56bfc062723c751e8b465ee728b)
Start importing Assets/Sprites/MostRecentAsset using Guid(491628d144b2d7e409c960bef57a31ad) Importer(815301076,1909f56bfc062723c751e8b465ee728b)  -> (artifact id: 'b8802307e7c4c27f1695a30874e9f609') in 0.005860 seconds
  Import took 0.008835 seconds .

========================================================================
Received Import Request.
  Time since last request: 0.090770 seconds.
  path: Assets/Sprites/MostRecentAsset/003.png
  artifactKey: Guid(1804ac0d81a03f643b9e54e5385eb0a0) Importer(815301076,1909f56bfc062723c751e8b465ee728b)
Start importing Assets/Sprites/MostRecentAsset/003.png using Guid(1804ac0d81a03f643b9e54e5385eb0a0) Importer(815301076,1909f56bfc062723c751e8b465ee728b)  -> (artifact id: '65affdb1e7987b7a145c53b85858b141') in 0.050637 seconds
  Import took 0.053789 seconds .

========================================================================
Received Import Request.
  Time since last request: 0.000201 seconds.
  path: Assets/Sprites/MostRecentAsset/Spring.png
  artifactKey: Guid(dd88303993a46dd4fb1dd5087f33ffb9) Importer(815301076,1909f56bfc062723c751e8b465ee728b)
Start importing Assets/Sprites/MostRecentAsset/Spring.png using Guid(dd88303993a46dd4fb1dd5087f33ffb9) Importer(815301076,1909f56bfc062723c751e8b465ee728b)  -> (artifact id: '69845fe44a70fe2046cc2dbadfe7b492') in 0.016535 seconds
  Import took 0.019240 seconds .

========================================================================
Received Import Request.
  Time since last request: 0.000181 seconds.
  path: Assets/Sprites/MostRecentAsset/Character2.png
  artifactKey: Guid(8b2b1f797fc48824ea1930ddadca67f9) Importer(815301076,1909f56bfc062723c751e8b465ee728b)
Start importing Assets/Sprites/MostRecentAsset/Character2.png using Guid(8b2b1f797fc48824ea1930ddadca67f9) Importer(815301076,1909f56bfc062723c751e8b465ee728b)  -> (artifact id: '30ce26a70513a46d20405897f0815f2e') in 0.035059 seconds
  Import took 0.039107 seconds .

========================================================================
Received Prepare
Registering precompiled user dll's ...
Registered in 0.000867 seconds.
Begin MonoManager ReloadAssembly
Native extension for WindowsStandalone target not found
Native extension for OSXStandalone target not found
Native extension for WebGL target not found
Refreshing native plugins compatible for Editor in 0.62 ms, found 1 plugins.
Preloading 0 native plugins for Editor in 0.00 ms.
Invoked RoslynAnalysisRunner static constructor.
RoslynAnalysisRunner will not be running.
RoslynAnalysisRunner has terminated.
Mono: successfully reloaded assembly
- Completed reload, in  0.705 seconds
Platform modules already initialized, skipping
Refreshing native plugins compatible for Editor in 0.51 ms, found 1 plugins.
Preloading 0 native plugins for Editor in 0.00 ms.
Unloading 1912 Unused Serialized files (Serialized files now loaded: 0)
System memory in use before: 92.0 MB.
System memory in use after: 92.1 MB.

Unloading 8 unused Assets to reduce memory usage. Loaded Objects now: 2448.
Total: 1.783800 ms (FindLiveObjects: 0.210500 ms CreateObjectMapping: 0.046200 ms MarkObjects: 1.510900 ms  DeleteObjects: 0.015000 ms)

========================================================================
Received Prepare
Registering precompiled user dll's ...
Registered in 0.000895 seconds.
Begin MonoManager ReloadAssembly
Native extension for WindowsStandalone target not found
Native extension for OSXStandalone target not found
Native extension for WebGL target not found
Refreshing native plugins compatible for Editor in 0.52 ms, found 1 plugins.
Preloading 0 native plugins for Editor in 0.00 ms.
Invoked RoslynAnalysisRunner static constructor.
RoslynAnalysisRunner will not be running.
RoslynAnalysisRunner has terminated.
Mono: successfully reloaded assembly
- Completed reload, in  0.719 seconds
Platform modules already initialized, skipping
Refreshing native plugins compatible for Editor in 0.53 ms, found 1 plugins.
Preloading 0 native plugins for Editor in 0.00 ms.
Unloading 1912 Unused Serialized files (Serialized files now loaded: 0)
System memory in use before: 92.0 MB.
System memory in use after: 92.1 MB.

Unloading 8 unused Assets to reduce memory usage. Loaded Objects now: 2451.
Total: 2.182700 ms (FindLiveObjects: 0.343800 ms CreateObjectMapping: 0.045800 ms MarkObjects: 1.777100 ms  DeleteObjects: 0.014700 ms)

========================================================================
Received Prepare
Registering precompiled user dll's ...
Registered in 0.000993 seconds.
Begin MonoManager ReloadAssembly
Native extension for WindowsStandalone target not found
Native extension for OSXStandalone target not found
Native extension for WebGL target not found
Refreshing native plugins compatible for Editor in 0.50 ms, found 1 plugins.
Preloading 0 native plugins for Editor in 0.00 ms.
Invoked RoslynAnalysisRunner static constructor.
RoslynAnalysisRunner will not be running.
RoslynAnalysisRunner has terminated.
Mono: successfully reloaded assembly
- Completed reload, in  0.707 seconds
Platform modules already initialized, skipping
Refreshing native plugins compatible for Editor in 0.53 ms, found 1 plugins.
Preloading 0 native plugins for Editor in 0.00 ms.
Unloading 1912 Unused Serialized files (Serialized files now loaded: 0)
System memory in use before: 92.0 MB.
System memory in use after: 92.1 MB.

Unloading 8 unused Assets to reduce memory usage. Loaded Objects now: 2454.
Total: 2.247700 ms (FindLiveObjects: 0.239800 ms CreateObjectMapping: 0.045900 ms MarkObjects: 1.942400 ms  DeleteObjects: 0.018500 ms)

========================================================================
Received Prepare
Registering precompiled user dll's ...
Registered in 0.000904 seconds.
Begin MonoManager ReloadAssembly
Native extension for WindowsStandalone target not found
Native extension for OSXStandalone target not found
Native extension for WebGL target not found
Refreshing native plugins compatible for Editor in 0.49 ms, found 1 plugins.
Preloading 0 native plugins for Editor in 0.00 ms.
Invoked RoslynAnalysisRunner static constructor.
RoslynAnalysisRunner will not be running.
RoslynAnalysisRunner has terminated.
Mono: successfully reloaded assembly
- Completed reload, in  0.717 seconds
Platform modules already initialized, skipping
Refreshing native plugins compatible for Editor in 0.51 ms, found 1 plugins.
Preloading 0 native plugins for Editor in 0.00 ms.
Unloading 1912 Unused Serialized files (Serialized files now loaded: 0)
System memory in use before: 92.0 MB.
System memory in use after: 92.1 MB.

Unloading 8 unused Assets to reduce memory usage. Loaded Objects now: 2457.
Total: 1.971300 ms (FindLiveObjects: 0.221600 ms CreateObjectMapping: 0.053400 ms MarkObjects: 1.677800 ms  DeleteObjects: 0.017700 ms)

========================================================================
Received Prepare
Registering precompiled user dll's ...
Registered in 0.001093 seconds.
Begin MonoManager ReloadAssembly
Native extension for WindowsStandalone target not found
Native extension for OSXStandalone target not found
Native extension for WebGL target not found
Refreshing native plugins compatible for Editor in 0.69 ms, found 1 plugins.
Preloading 0 native plugins for Editor in 0.00 ms.
Invoked RoslynAnalysisRunner static constructor.
RoslynAnalysisRunner will not be running.
RoslynAnalysisRunner has terminated.
Mono: successfully reloaded assembly
- Completed reload, in  0.859 seconds
Platform modules already initialized, skipping
Refreshing native plugins compatible for Editor in 0.78 ms, found 1 plugins.
Preloading 0 native plugins for Editor in 0.00 ms.
Unloading 1912 Unused Serialized files (Serialized files now loaded: 0)
System memory in use before: 92.0 MB.
System memory in use after: 92.1 MB.

Unloading 8 unused Assets to reduce memory usage. Loaded Objects now: 2460.
Total: 2.106400 ms (FindLiveObjects: 0.275100 ms CreateObjectMapping: 0.181100 ms MarkObjects: 1.631800 ms  DeleteObjects: 0.017100 ms)

========================================================================
Received Prepare
Registering precompiled user dll's ...
Registered in 0.000829 seconds.
Begin MonoManager ReloadAssembly
Native extension for WindowsStandalone target not found
Native extension for OSXStandalone target not found
Native extension for WebGL target not found
Refreshing native plugins compatible for Editor in 0.59 ms, found 1 plugins.
Preloading 0 native plugins for Editor in 0.00 ms.
Invoked RoslynAnalysisRunner static constructor.
RoslynAnalysisRunner will not be running.
RoslynAnalysisRunner has terminated.
Mono: successfully reloaded assembly
- Completed reload, in  0.701 seconds
Platform modules already initialized, skipping
Refreshing native plugins compatible for Editor in 0.54 ms, found 1 plugins.
Preloading 0 native plugins for Editor in 0.00 ms.
Unloading 1913 Unused Serialized files (Serialized files now loaded: 0)
System memory in use before: 92.1 MB.
System memory in use after: 92.2 MB.

Unloading 8 unused Assets to reduce memory usage. Loaded Objects now: 2464.
Total: 1.888900 ms (FindLiveObjects: 0.220500 ms CreateObjectMapping: 0.049500 ms MarkObjects: 1.603200 ms  DeleteObjects: 0.014900 ms)

========================================================================
Received Import Request.
  Time since last request: 672.317521 seconds.
  path: Assets/Scripts
  artifactKey: Guid(8fa852817017849128dc0637351bbbee) Importer(815301076,1909f56bfc062723c751e8b465ee728b)
Start importing Assets/Scripts using Guid(8fa852817017849128dc0637351bbbee) Importer(815301076,1909f56bfc062723c751e8b465ee728b)  -> (artifact id: '18ae44c3422a9d233a03eb0fce8201d3') in 0.008610 seconds
  Import took 0.011835 seconds .

========================================================================
Received Prepare
Registering precompiled user dll's ...
Registered in 0.001147 seconds.
Begin MonoManager ReloadAssembly
Native extension for WindowsStandalone target not found
Native extension for OSXStandalone target not found
Native extension for WebGL target not found
Refreshing native plugins compatible for Editor in 0.48 ms, found 1 plugins.
Preloading 0 native plugins for Editor in 0.00 ms.
Invoked RoslynAnalysisRunner static constructor.
RoslynAnalysisRunner will not be running.
RoslynAnalysisRunner has terminated.
Mono: successfully reloaded assembly
- Completed reload, in  0.790 seconds
Platform modules already initialized, skipping
Refreshing native plugins compatible for Editor in 0.67 ms, found 1 plugins.
Preloading 0 native plugins for Editor in 0.00 ms.
Unloading 1913 Unused Serialized files (Serialized files now loaded: 0)
System memory in use before: 92.1 MB.
System memory in use after: 92.2 MB.

Unloading 8 unused Assets to reduce memory usage. Loaded Objects now: 2467.
Total: 3.208300 ms (FindLiveObjects: 0.484200 ms CreateObjectMapping: 0.062100 ms MarkObjects: 2.637700 ms  DeleteObjects: 0.023100 ms)

========================================================================
Received Prepare
Registering precompiled user dll's ...
Registered in 0.001007 seconds.
Begin MonoManager ReloadAssembly
Native extension for WindowsStandalone target not found
Native extension for OSXStandalone target not found
Native extension for WebGL target not found
Refreshing native plugins compatible for Editor in 0.64 ms, found 1 plugins.
Preloading 0 native plugins for Editor in 0.00 ms.
Invoked RoslynAnalysisRunner static constructor.
RoslynAnalysisRunner will not be running.
RoslynAnalysisRunner has terminated.
Mono: successfully reloaded assembly
- Completed reload, in  0.797 seconds
Platform modules already initialized, skipping
Refreshing native plugins compatible for Editor in 0.53 ms, found 1 plugins.
Preloading 0 native plugins for Editor in 0.00 ms.
Unloading 1913 Unused Serialized files (Serialized files now loaded: 0)
System memory in use before: 92.1 MB.
System memory in use after: 92.2 MB.

Unloading 8 unused Assets to reduce memory usage. Loaded Objects now: 2470.
Total: 2.170300 ms (FindLiveObjects: 0.228000 ms CreateObjectMapping: 0.051800 ms MarkObjects: 1.875200 ms  DeleteObjects: 0.014600 ms)

========================================================================
Received Prepare
Registering precompiled user dll's ...
Registered in 0.000979 seconds.
Begin MonoManager ReloadAssembly
Native extension for WindowsStandalone target not found
Native extension for OSXStandalone target not found
Native extension for WebGL target not found
Refreshing native plugins compatible for Editor in 0.52 ms, found 1 plugins.
Preloading 0 native plugins for Editor in 0.00 ms.
Invoked RoslynAnalysisRunner static constructor.
RoslynAnalysisRunner will not be running.
RoslynAnalysisRunner has terminated.
Mono: successfully reloaded assembly
- Completed reload, in  0.774 seconds
Platform modules already initialized, skipping
Refreshing native plugins compatible for Editor in 0.54 ms, found 1 plugins.
Preloading 0 native plugins for Editor in 0.00 ms.
Unloading 1913 Unused Serialized files (Serialized files now loaded: 0)
System memory in use before: 92.1 MB.
System memory in use after: 92.2 MB.

Unloading 8 unused Assets to reduce memory usage. Loaded Objects now: 2473.
Total: 2.109900 ms (FindLiveObjects: 0.415200 ms CreateObjectMapping: 0.051500 ms MarkObjects: 1.627300 ms  DeleteObjects: 0.014700 ms)

========================================================================
Received Prepare
Registering precompiled user dll's ...
Registered in 0.001028 seconds.
Begin MonoManager ReloadAssembly
Native extension for WindowsStandalone target not found
Native extension for OSXStandalone target not found
Native extension for WebGL target not found
Refreshing native plugins compatible for Editor in 0.65 ms, found 1 plugins.
Preloading 0 native plugins for Editor in 0.00 ms.
Invoked RoslynAnalysisRunner static constructor.
RoslynAnalysisRunner will not be running.
RoslynAnalysisRunner has terminated.
Mono: successfully reloaded assembly
- Completed reload, in  0.760 seconds
Platform modules already initialized, skipping
Refreshing native plugins compatible for Editor in 0.52 ms, found 1 plugins.
Preloading 0 native plugins for Editor in 0.00 ms.
Unloading 1913 Unused Serialized files (Serialized files now loaded: 0)
System memory in use before: 92.1 MB.
System memory in use after: 92.2 MB.

Unloading 8 unused Assets to reduce memory usage. Loaded Objects now: 2476.
Total: 1.896700 ms (FindLiveObjects: 0.218500 ms CreateObjectMapping: 0.049900 ms MarkObjects: 1.612900 ms  DeleteObjects: 0.014300 ms)

========================================================================
Received Import Request.
  Time since last request: 136.329912 seconds.
  path: Assets/Scripts/Misc
  artifactKey: Guid(2344c885e2e5c4e569793ab57cd123e6) Importer(815301076,1909f56bfc062723c751e8b465ee728b)
Start importing Assets/Scripts/Misc using Guid(2344c885e2e5c4e569793ab57cd123e6) Importer(815301076,1909f56bfc062723c751e8b465ee728b)  -> (artifact id: '42d899c8deac2a10decf0de9f6874e9b') in 0.008421 seconds
  Import took 0.011929 seconds .

========================================================================
Received Prepare
Registering precompiled user dll's ...
Registered in 0.001899 seconds.
Begin MonoManager ReloadAssembly
Native extension for WindowsStandalone target not found
Native extension for OSXStandalone target not found
Native extension for WebGL target not found
Refreshing native plugins compatible for Editor in 0.52 ms, found 1 plugins.
Preloading 0 native plugins for Editor in 0.00 ms.
Invoked RoslynAnalysisRunner static constructor.
RoslynAnalysisRunner will not be running.
RoslynAnalysisRunner has terminated.
Mono: successfully reloaded assembly
- Completed reload, in  0.770 seconds
Platform modules already initialized, skipping
Refreshing native plugins compatible for Editor in 0.59 ms, found 1 plugins.
Preloading 0 native plugins for Editor in 0.00 ms.
Unloading 1913 Unused Serialized files (Serialized files now loaded: 0)
System memory in use before: 92.1 MB.
System memory in use after: 92.2 MB.

Unloading 8 unused Assets to reduce memory usage. Loaded Objects now: 2479.
Total: 2.288800 ms (FindLiveObjects: 0.380200 ms CreateObjectMapping: 0.058800 ms MarkObjects: 1.828700 ms  DeleteObjects: 0.020200 ms)

========================================================================
Received Import Request.
  Time since last request: 87.323018 seconds.
  path: Assets/Scenes/Menu.unity
  artifactKey: Guid(a2de403d78cc4414db826872e55aa240) Importer(815301076,1909f56bfc062723c751e8b465ee728b)
Start importing Assets/Scenes/Menu.unity using Guid(a2de403d78cc4414db826872e55aa240) Importer(815301076,1909f56bfc062723c751e8b465ee728b)  -> (artifact id: 'e076c34f5d233e0118e50434520b496b') in 0.015478 seconds
  Import took 0.018721 seconds .

========================================================================
Received Prepare
Registering precompiled user dll's ...
Registered in 0.001243 seconds.
Begin MonoManager ReloadAssembly
Native extension for WindowsStandalone target not found
Native extension for OSXStandalone target not found
Native extension for WebGL target not found
Refreshing native plugins compatible for Editor in 0.54 ms, found 1 plugins.
Preloading 0 native plugins for Editor in 0.00 ms.
Invoked RoslynAnalysisRunner static constructor.
RoslynAnalysisRunner will not be running.
RoslynAnalysisRunner has terminated.
Mono: successfully reloaded assembly
- Completed reload, in  0.825 seconds
Platform modules already initialized, skipping
Refreshing native plugins compatible for Editor in 0.61 ms, found 1 plugins.
Preloading 0 native plugins for Editor in 0.00 ms.
Unloading 1913 Unused Serialized files (Serialized files now loaded: 0)
System memory in use before: 92.1 MB.
System memory in use after: 92.2 MB.

Unloading 8 unused Assets to reduce memory usage. Loaded Objects now: 2482.
Total: 1.858100 ms (FindLiveObjects: 0.230100 ms CreateObjectMapping: 0.046300 ms MarkObjects: 1.565500 ms  DeleteObjects: 0.015300 ms)

========================================================================
Received Import Request.
  Time since last request: 27.425255 seconds.
  path: Assets/Scenes/Ending.unity
  artifactKey: Guid(12e9413dc93c1a84585633185db66dfb) Importer(815301076,1909f56bfc062723c751e8b465ee728b)
Start importing Assets/Scenes/Ending.unity using Guid(12e9413dc93c1a84585633185db66dfb) Importer(815301076,1909f56bfc062723c751e8b465ee728b)  -> (artifact id: 'bc29ceaa0fcd4ecd1636d37b50bae3d8') in 0.015495 seconds
  Import took 0.018880 seconds .

========================================================================
Received Prepare
Registering precompiled user dll's ...
Registered in 0.000866 seconds.
Begin MonoManager ReloadAssembly
Native extension for WindowsStandalone target not found
Native extension for OSXStandalone target not found
Native extension for WebGL target not found
Refreshing native plugins compatible for Editor in 0.56 ms, found 1 plugins.
Preloading 0 native plugins for Editor in 0.00 ms.
Invoked RoslynAnalysisRunner static constructor.
RoslynAnalysisRunner will not be running.
RoslynAnalysisRunner has terminated.
Mono: successfully reloaded assembly
- Completed reload, in  0.776 seconds
Platform modules already initialized, skipping
Refreshing native plugins compatible for Editor in 0.50 ms, found 1 plugins.
Preloading 0 native plugins for Editor in 0.00 ms.
Unloading 1913 Unused Serialized files (Serialized files now loaded: 0)
System memory in use before: 92.1 MB.
System memory in use after: 92.2 MB.

Unloading 8 unused Assets to reduce memory usage. Loaded Objects now: 2485.
Total: 2.461200 ms (FindLiveObjects: 0.363900 ms CreateObjectMapping: 0.054100 ms MarkObjects: 2.027400 ms  DeleteObjects: 0.014400 ms)

AssetImportWorkerClient::OnTransportError - code=2 error=End of file
